==================================================
Running simulation for system with ID 2
==================================================
System Details:
System ID: 2

Tube:
  - ID: 3
  - Length: 5.0 m

Capsule:
  - ID: 3
  - Mass: 1.0 kg
  - Initial Velocity: 0.5 m/s

Coils (6 total):
  - Coil 3:
    • Position: 0.5 m
    • Length: 0.3 m
    • Force Applied: 10.0 N
    • Range: 0.5 m - 0.8 m
  - Coil 4:
    • Position: 1.0 m
    • Length: 0.3 m
    • Force Applied: 10.0 N
    • Range: 1.0 m - 1.3 m
  - Coil 5:
    • Position: 1.4 m
    • Length: 0.3 m
    • Force Applied: 10.0 N
    • Range: 1.4 m - 1.7 m
  - Coil 6:
    • Position: 2.0 m
    • Length: 0.3 m
    • Force Applied: 10.0 N
    • Range: 2.0 m - 2.3 m
  - Coil 7:
    • Position: 3.0 m
    • Length: 0.3 m
    • Force Applied: 10.0 N
    • Range: 3.0 m - 3.3 m
  - Coil 8:
    • Position: 4.0 m
    • Length: 0.3 m
    • Force Applied: 10.0 N
    • Range: 4.0 m - 4.3 m

t=0.0000s   event=run_start    initial_velocity_mps=0.5    tube_length_m=5.0   
t=1.0000s   event=coil_enter    coil_id=3    pos_start_m=0.5    entry_velocity_mps=0.5   
t=1.3000s   event=coil_midpoint_accel    coil_id=3    start_velocity_mps=0.5    acceleration_mps2=10.0    force_applied_N=10.0   
t=1.4303s   event=coil_exit    coil_id=3    final_velocity_mps=1.8027756377319946    acceleration_duration_s=0.13027756377319946    acceleration_segment_length_m=0.15   
t=1.4303s   event=energy_consumed    coil_id=3    energy_consumed_J=1.5   
t=1.5412s   event=coil_enter    coil_id=4    pos_start_m=1.0    entry_velocity_mps=1.8027756377319946   
t=1.6244s   event=coil_midpoint_accel    coil_id=4    start_velocity_mps=1.8027756377319946    acceleration_mps2=10.0    force_applied_N=10.0   
t=1.6941s   event=coil_exit    coil_id=4    final_velocity_mps=2.5    acceleration_duration_s=0.06972243622680055    acceleration_segment_length_m=0.15   
t=1.6941s   event=energy_consumed    coil_id=4    energy_consumed_J=1.5   
t=1.7341s   event=coil_enter    coil_id=5    pos_start_m=1.4    entry_velocity_mps=2.5   
t=1.7941s   event=coil_midpoint_accel    coil_id=5    start_velocity_mps=2.5    acceleration_mps2=10.0    force_applied_N=10.0   
t=1.8483s   event=coil_exit    coil_id=5    final_velocity_mps=3.0413812651491097    acceleration_duration_s=0.05413812651491097    acceleration_segment_length_m=0.15   
t=1.8483s   event=energy_consumed    coil_id=5    energy_consumed_J=1.5   
t=1.9469s   event=coil_enter    coil_id=6    pos_start_m=2.0    entry_velocity_mps=3.0413812651491097   
t=1.9962s   event=coil_midpoint_accel    coil_id=6    start_velocity_mps=3.0413812651491097    acceleration_mps2=10.0    force_applied_N=10.0   
t=2.0421s   event=coil_exit    coil_id=6    final_velocity_mps=3.4999999999999996    acceleration_duration_s=0.04586187348508899    acceleration_segment_length_m=0.15   
t=2.0421s   event=energy_consumed    coil_id=6    energy_consumed_J=1.5   
t=2.2421s   event=coil_enter    coil_id=7    pos_start_m=3.0    entry_velocity_mps=3.4999999999999996   
t=2.2850s   event=coil_midpoint_accel    coil_id=7    start_velocity_mps=3.4999999999999996    acceleration_mps2=10.0    force_applied_N=10.0   
t=2.3255s   event=coil_exit    coil_id=7    final_velocity_mps=3.9051248379533265    acceleration_duration_s=0.0405124837953327    acceleration_segment_length_m=0.15   
t=2.3255s   event=energy_consumed    coil_id=7    energy_consumed_J=1.5   
t=2.5047s   event=coil_enter    coil_id=8    pos_start_m=4.0    entry_velocity_mps=3.9051248379533265   
t=2.5431s   event=coil_midpoint_accel    coil_id=8    start_velocity_mps=3.9051248379533265    acceleration_mps2=10.0    force_applied_N=10.0   
t=2.5798s   event=coil_exit    coil_id=8    final_velocity_mps=4.272001872658765    acceleration_duration_s=0.03668770347054386    acceleration_segment_length_m=0.15   
t=2.5798s   event=energy_consumed    coil_id=8    energy_consumed_J=1.5   
t=2.7437s   event=run_end    coil_id=8    pos_start_m=4.3    final_velocity_mps=4.272001872658765    tube_length_m=5.0   

==================================================
End of simulation
==================================================
