==================================================
Running simulation for system with ID 1
==================================================
System Details:
System ID: 1

Tube:
  - ID: 1
  - Length: 100.0 m

Capsule:
  - ID: 1
  - Mass: 5.0 kg
  - Initial Velocity: 15.0 m/s

Coils (2 total):
  - Coil 1:
    • Position: 30 m
    • Length: 12.0 m
    • Force Applied: 400.0 N
    • Range: 30 m - 42.0 m
  - Coil 2:
    • Position: 65 m
    • Length: 8.0 m
    • Force Applied: 300.0 N
    • Range: 65 m - 73.0 m

t=0.0000s   event=run_start    initial_velocity_mps=15.0    tube_length_m=100.0   
t=2.0000s   event=coil_enter    coil_id=1    pos_start_m=30    entry_velocity_mps=15.0   
t=2.4000s   event=coil_midpoint_accel    coil_id=1    start_velocity_mps=15.0    acceleration_mps2=80.0    force_applied_N=400.0   
t=2.6428s   event=coil_exit    coil_id=1    final_velocity_mps=34.42382895611701    acceleration_duration_s=0.24279786195146266    acceleration_segment_length_m=6.0   
t=2.6428s   event=energy_consumed    coil_id=1    energy_consumed_J=2400.0   
t=3.3109s   event=coil_enter    coil_id=2    pos_start_m=65    entry_velocity_mps=34.42382895611701   
t=3.4271s   event=coil_midpoint_accel    coil_id=2    start_velocity_mps=34.42382895611701    acceleration_mps2=60.0    force_applied_N=300.0   
t=3.5335s   event=coil_exit    coil_id=2    final_velocity_mps=40.80441152620633    acceleration_duration_s=0.10634304283482195    acceleration_segment_length_m=4.0   
t=3.5335s   event=energy_consumed    coil_id=2    energy_consumed_J=1200.0   
t=4.1952s   event=run_end    coil_id=2    pos_start_m=73.0    final_velocity_mps=40.80441152620633    tube_length_m=100.0   

==================================================
End of simulation
==================================================
